#
# A fatal error has been detected by the Java Runtime Environment:
#
#  SIGSEGV (0xb) at pc=0x00007fd794f0b401, pid=134, tid=266
#
# JRE version: OpenJDK Runtime Environment (11.0.9.1+1) (build 11.0.9.1+1-Ubuntu-0ubuntu1.18.04)
# Java VM: OpenJDK 64-Bit Server VM (11.0.9.1+1-Ubuntu-0ubuntu1.18.04, mixed mode, sharing, tiered, compressed oops, serial gc, linux-amd64)
# Problematic frame:
# C  [libjimage.so+0x2401]
#
# Core dump will be written. Default location: Core dumps may be processed with "/usr/share/apport/apport %p %s %c %d %P %E" (or dumping to /home/runner/sic01-elevens-game-part-two-amandacutrer-2/core.134)
#
# If you would like to submit a bug report, please visit:
#   https://bugs.launchpad.net/ubuntu/+source/openjdk-lts
#

---------------  S U M M A R Y ------------

Command Line: Main

Host: Intel(R) Xeon(R) CPU @ 2.30GHz, 4 cores, 512M, Ubuntu 18.04.5 LTS
Time: Wed Jan 13 20:18:02 2021 UTC elapsed time: 180.005769 seconds (0d 0h 3m 0s)

---------------  T H R E A D  ---------------

Current thread (0x00007fd73001c000):  JavaThread "XToolkt-Shutdown-Thread" [_thread_in_vm, id=266, stack(0x00007fd78feff000,0x00007fd790000000)]

Stack: [0x00007fd78feff000,0x00007fd790000000],  sp=0x00007fd78fffd060,  free space=1016k
Native frames: (J=compiled Java code, A=aot compiled Java code, j=interpreted, Vv=VM code, C=native code)
C  [libjimage.so+0x2401]
C  [libjimage.so+0x30ea]
C  [libjimage.so+0x35c6]  JIMAGE_FindResource+0xd6
V  [libjvm.so+0x5bf44e]
V  [libjvm.so+0x5c21b0]
V  [libjvm.so+0xe427d5]
V  [libjvm.so+0xe4008a]
V  [libjvm.so+0xe42d62]
V  [libjvm.so+0x677307]
V  [libjvm.so+0xa6afca]
V  [libjvm.so+0x874996]
V  [libjvm.so+0x87588d]
j  sun.awt.X11.XToolkit.lambda$init$0()V+0 java.desktop@11.0.9.1
j  sun.awt.X11.XToolkit$$Lambda$10.run()V+4 java.desktop@11.0.9.1
j  java.lang.Thread.run()V+11 java.base@11.0.9.1
v  ~StubRoutines::call_stub
V  [libjvm.so+0x87f359]
V  [libjvm.so+0x87d49d]
V  [libjvm.so+0x926c7c]
V  [libjvm.so+0xe7b37f]
V  [libjvm.so+0xe77acf]
V  [libjvm.so+0xc1977e]

Java frames: (J=compiled Java code, j=interpreted, Vv=VM code)
j  sun.awt.X11.XToolkit.lambda$init$0()V+0 java.desktop@11.0.9.1
j  sun.awt.X11.XToolkit$$Lambda$10.run()V+4 java.desktop@11.0.9.1
j  java.lang.Thread.run()V+11 java.base@11.0.9.1
v  ~StubRoutines::call_stub

siginfo: si_signo: 11 (SIGSEGV), si_code: 1 (SEGV_MAPERR), si_addr: 0x00007fd7878a5758

Register to memory mapping:

RAX=0x00000000000031cf is an unknown value
RBX=0x00007fd78fffd111 is pointing into the stack for thread: 0x00007fd73001c000
RCX=0x00007fd78789901c is an unknown value
RDX=0x00000000000031cf is an unknown value
RSP=0x00007fd78fffd060 is pointing into the stack for thread: 0x00007fd73001c000
RBP=0x00007fd78fffd080 is pointing into the stack for thread: 0x00007fd73001c000
RSI=0x00007fd78fffd110 is pointing into the stack for thread: 0x00007fd73001c000
RDI=0x00007fd79510e030: <offset 0x0000000000205030> in /usr/lib/jvm/java-11-openjdk-amd64/lib/libjimage.so at 0x00007fd794f09000
R8 =0x0 is NULL
R9 =0x00000000ca0d71f0 is an unknown value
R10=0x00007fd78fffd134 is pointing into the stack for thread: 0x00007fd73001c000
R11=0x00007fd797dc3440: <offset 0x00000000001af440> in /lib/x86_64-linux-gnu/libc.so.6 at 0x00007fd797c14000
R12=0x00007fd78fffd110 is pointing into the stack for thread: 0x00007fd73001c000
R13=0x0000000000008412 is an unknown value
R14=0x00007fd78fffe1a8 is pointing into the stack for thread: 0x00007fd73001c000
R15=0x00007fd76405d8e0 points into unknown readable memory: 73 75 6e 2f 61 77 74 2f


Registers:
RAX=0x00000000000031cf, RBX=0x00007fd78fffd111, RCX=0x00007fd78789901c, RDX=0x00000000000031cf
RSP=0x00007fd78fffd060, RBP=0x00007fd78fffd080, RSI=0x00007fd78fffd110, RDI=0x00007fd79510e030
R8 =0x0000000000000000, R9 =0x00000000ca0d71f0, R10=0x00007fd78fffd134, R11=0x00007fd797dc3440
R12=0x00007fd78fffd110, R13=0x0000000000008412, R14=0x00007fd78fffe1a8, R15=0x00007fd76405d8e0
RIP=0x00007fd794f0b401, EFLAGS=0x0000000000010246, CSGSFS=0x002b000000000033, ERR=0x0000000000000004
  TRAPNO=0x000000000000000e

Top of Stack: (sp=0x00007fd78fffd060)
0x00007fd78fffd060:   0000000000000000 00007fd790009900
0x00007fd78fffd070:   0000000000000000 00007fd78fffd110
0x00007fd78fffd080:   00007fd78fffd0f0 00007fd794f0c0ea
0x00007fd78fffd090:   0000000000000000 0000000000000000 

Instructions: (pc=0x00007fd794f0b401)
0x00007fd794f0b301:   c5 4c 01 e3 48 89 ce e8 d3 f3 ff ff e9 69 fd ff
0x00007fd794f0b311:   ff 89 d1 0f b7 74 08 fe 66 41 89 74 0e fe e9 7a
0x00007fd794f0b321:   fe ff ff 0f 1f 40 00 8b 08 49 8d 1c 16 41 89 0e
0x00007fd794f0b331:   89 d1 8b 74 08 fc 41 89 74 0e fc 48 8d 34 10 48
0x00007fd794f0b341:   89 75 b8 e9 0b fe ff ff 0f 1f 80 00 00 00 00 0f
0x00007fd794f0b351:   b6 17 55 89 f0 48 89 e5 84 d2 74 22 48 8d 4f 01
0x00007fd794f0b361:   0f 1f 80 00 00 00 00 48 83 c1 01 0f b6 f2 0f b6
0x00007fd794f0b371:   51 ff 69 c0 93 01 00 01 31 f0 84 d2 75 e9 25 ff
0x00007fd794f0b381:   ff ff 7f 5d c3 66 2e 0f 1f 84 00 00 00 00 00 48
0x00007fd794f0b391:   85 d2 0f 84 dd 00 00 00 85 c9 0f 84 d5 00 00 00
0x00007fd794f0b3a1:   55 48 89 e5 41 55 41 54 53 48 8d 5e 01 48 83 ec
0x00007fd794f0b3b1:   08 44 0f b6 06 45 84 c0 0f 84 a9 00 00 00 49 89
0x00007fd794f0b3c1:   da b8 93 01 00 01 66 0f 1f 84 00 00 00 00 00 49
0x00007fd794f0b3d1:   83 c2 01 44 69 c8 93 01 00 01 41 0f b6 c0 45 0f
0x00007fd794f0b3e1:   b6 42 ff 44 31 c8 45 84 c0 75 e4 25 ff ff ff 7f
0x00007fd794f0b3f1:   41 89 cd 48 89 d1 31 d2 41 f7 f5 49 89 f4 89 d0
0x00007fd794f0b401:   8b 34 81 48 8b 07 ff 50 20 83 f8 00 7e 41 41 0f
0x00007fd794f0b411:   b6 14 24 84 d2 74 1c 0f 1f 84 00 00 00 00 00 69
0x00007fd794f0b421:   c0 93 01 00 01 48 83 c3 01 31 d0 0f b6 53 ff 84
0x00007fd794f0b431:   d2 75 ec 25 ff ff ff 7f 31 d2 41 f7 f5 48 83 c4
0x00007fd794f0b441:   08 89 d0 5b 41 5c 41 5d 5d c3 0f 1f 44 00 00 74
0x00007fd794f0b451:   1d f7 d0 48 83 c4 08 89 c2 5b 89 d0 41 5c 41 5d
0x00007fd794f0b461:   5d c3 0f 1f 44 00 00 b8 93 01 00 01 eb 82 ba ff
0x00007fd794f0b471:   ff ff ff eb c8 83 ca ff 89 d0 c3 0f 1f 40 00 0f
0x00007fd794f0b481:   